application/pope-player/build/intermediates/manifest_merge_blame_file/debug/manifest-merger-blame-debug-report.txt
1<?xml version="1.0" encoding="utf-8"?>
2<manifest xmlns:android="http://schemas.android.com/apk/res/android"
3    xmlns:tools="http://schemas.android.com/tools"
4    package="com.dewords.pope"
5    android:installLocation="auto" >
6
7    <uses-sdk
7-->application/pope-player/AndroidManifest.xml:5:5-141
8        android:minSdkVersion="23"
8-->application/pope-player/AndroidManifest.xml:5:5-141
9        android:targetSdkVersion="33"
9-->application/pope-player/AndroidManifest.xml:5:5-141
10        tools:overrideLibrary="com.jraska.livedata.ktx, com.jraska.livedata, tools.fastlane.screengrab, android_libs.ub_uiautomator" />
10-->application/pope-player/AndroidManifest.xml:5:15-139
11
12    <uses-permission android:name="android.permission.BLUETOOTH_CONNECT" />
12-->application/pope-player/AndroidManifest.xml:7:5-76
12-->application/pope-player/AndroidManifest.xml:7:22-73
13
14    <!--
15     Required only if your app needs to access videos
16     that other apps created.
17    -->
18    <uses-permission android:name="android.permission.READ_MEDIA_VIDEO" />
18-->application/pope-player/AndroidManifest.xml:13:5-75
18-->application/pope-player/AndroidManifest.xml:13:22-72
19    <uses-permission android:name="android.permission.POST_NOTIFICATIONS" />
19-->application/pope-player/AndroidManifest.xml:14:5-77
19-->application/pope-player/AndroidManifest.xml:14:22-74
20    <uses-permission android:name="android.permission.READ_MEDIA_IMAGES" />
20-->application/pope-player/AndroidManifest.xml:15:5-76
20-->application/pope-player/AndroidManifest.xml:15:22-73
21
22    <!--
23         Required only if your app needs to access audio files
24         that other apps created.
25    -->
26    <uses-permission android:name="android.permission.READ_MEDIA_AUDIO" />
26-->application/pope-player/AndroidManifest.xml:20:5-75
26-->application/pope-player/AndroidManifest.xml:20:22-72
27    <uses-permission android:name="android.permission.READ_EXTERNAL_STORAGE" />
27-->application/pope-player/AndroidManifest.xml:22:5-79
27-->application/pope-player/AndroidManifest.xml:22:22-77
28    <uses-permission
28-->application/pope-player/AndroidManifest.xml:24:5-25:38
29        android:name="android.permission.WRITE_EXTERNAL_STORAGE"
29-->application/pope-player/AndroidManifest.xml:24:22-78
30        android:maxSdkVersion="29" />
30-->application/pope-player/AndroidManifest.xml:25:9-35
31    <uses-permission android:name="android.permission.VIBRATE" /> <!-- used for setting ringtone -->
31-->application/pope-player/AndroidManifest.xml:28:5-65
31-->application/pope-player/AndroidManifest.xml:28:22-63
32    <uses-permission android:name="android.permission.INTERNET" /> <!-- Launch recommendations service once device is booted -->
32-->application/pope-player/AndroidManifest.xml:29:5-66
32-->application/pope-player/AndroidManifest.xml:29:22-64
33    <uses-permission android:name="android.permission.RECEIVE_BOOT_COMPLETED" /> <!-- Audio search on TV -->
33-->application/pope-player/AndroidManifest.xml:30:5-80
33-->application/pope-player/AndroidManifest.xml:30:22-78
34    <uses-permission android:name="android.permission.RECORD_AUDIO" /> <!-- USe foreground services -->
34-->application/pope-player/AndroidManifest.xml:31:5-70
34-->application/pope-player/AndroidManifest.xml:31:22-68
35    <uses-permission android:name="android.permission.FOREGROUND_SERVICE" /> <!-- normal -->
35-->application/pope-player/AndroidManifest.xml:32:5-76
35-->application/pope-player/AndroidManifest.xml:32:22-74
36    <uses-permission android:name="android.permission.ACCESS_NETWORK_STATE" />
36-->application/pope-player/AndroidManifest.xml:33:5-78
36-->application/pope-player/AndroidManifest.xml:33:22-76
37    <uses-permission android:name="android.permission.WAKE_LOCK" />
37-->application/pope-player/AndroidManifest.xml:34:5-67
37-->application/pope-player/AndroidManifest.xml:34:22-65
38    <uses-permission android:name="android.permission.MODIFY_AUDIO_SETTINGS" />
38-->application/pope-player/AndroidManifest.xml:35:5-79
38-->application/pope-player/AndroidManifest.xml:35:22-77
39    <uses-permission android:name="android.permission.BLUETOOTH" />
39-->application/pope-player/AndroidManifest.xml:36:5-67
39-->application/pope-player/AndroidManifest.xml:36:22-65
40    <uses-permission android:name="android.permission.SYSTEM_ALERT_WINDOW" />
40-->application/pope-player/AndroidManifest.xml:37:5-77
40-->application/pope-player/AndroidManifest.xml:37:22-75
41    <uses-permission android:name="com.dewords.pope.permission.READ_EXTENSION_DATA" />
41-->application/pope-player/AndroidManifest.xml:38:5-86
41-->application/pope-player/AndroidManifest.xml:38:22-84
42    <uses-permission android:name="com.android.providers.tv.permission.READ_EPG_DATA" />
42-->application/pope-player/AndroidManifest.xml:39:5-88
42-->application/pope-player/AndroidManifest.xml:39:22-86
43    <uses-permission android:name="com.android.providers.tv.permission.WRITE_EPG_DATA" />
43-->application/pope-player/AndroidManifest.xml:40:5-89
43-->application/pope-player/AndroidManifest.xml:40:22-87
44    <uses-permission android:name="android.permission.POST_NOTIFICATIONS" />
44-->application/pope-player/AndroidManifest.xml:14:5-77
44-->application/pope-player/AndroidManifest.xml:14:22-74
45
46    <!-- Custom permissions for our content provider -->
47    <permission
47-->application/pope-player/AndroidManifest.xml:44:5-46:47
48        android:name="${applicationId}.MEDIA"
48-->application/pope-player/AndroidManifest.xml:45:9-46
49        android:protectionLevel="signature" />
49-->application/pope-player/AndroidManifest.xml:46:9-44
50
51    <!-- Declare permissions used by our com.dewords.pope.app -->
52    <uses-permission android:name="${applicationId}.MEDIA" />
52-->application/pope-player/AndroidManifest.xml:49:5-62
52-->application/pope-player/AndroidManifest.xml:49:22-59
53
54    <uses-feature
54-->application/pope-player/AndroidManifest.xml:51:5-53:35
55        android:name="android.software.leanback"
55-->application/pope-player/AndroidManifest.xml:52:9-49
56        android:required="false" />
56-->application/pope-player/AndroidManifest.xml:53:9-33
57    <uses-feature
57-->application/pope-player/AndroidManifest.xml:54:5-56:35
58        android:name="android.hardware.touchscreen"
58-->application/pope-player/AndroidManifest.xml:55:9-52
59        android:required="false" />
59-->application/pope-player/AndroidManifest.xml:56:9-33
60    <uses-feature
60-->application/pope-player/AndroidManifest.xml:57:5-59:35
61        android:name="android.hardware.microphone"
61-->application/pope-player/AndroidManifest.xml:58:9-51
62        android:required="false" />
62-->application/pope-player/AndroidManifest.xml:59:9-33
63    <uses-feature
63-->application/pope-player/AndroidManifest.xml:60:5-62:35
64        android:name="android.hardware.bluetooth"
64-->application/pope-player/AndroidManifest.xml:61:9-50
65        android:required="false" />
65-->application/pope-player/AndroidManifest.xml:62:9-33
66
67    <application>
67-->application/pope-player/AndroidManifest.xml:64:5-1197:19
68
69        <!-- Enable VLC in Samsung multiwindow mode -->
70        <meta-data
70-->application/pope-player/AndroidManifest.xml:69:9-71:35
71            android:name="com.samsung.android.sdk.multiwindow.enable"
71-->application/pope-player/AndroidManifest.xml:70:13-70
72            android:value="true" />
72-->application/pope-player/AndroidManifest.xml:71:13-33
73        <!-- Enable VLC in LG split window mode -->
74        <meta-data
74-->application/pope-player/AndroidManifest.xml:73:9-75:35
75            android:name="com.lge.support.SPLIT_WINDOW"
75-->application/pope-player/AndroidManifest.xml:74:13-56
76            android:value="true" />
76-->application/pope-player/AndroidManifest.xml:75:13-33
77        <!-- Android auto -->
78        <meta-data
78-->application/pope-player/AndroidManifest.xml:77:9-79:58
79            android:name="com.google.android.gms.car.application"
79-->application/pope-player/AndroidManifest.xml:78:13-66
80            android:resource="@xml/automotive_app_desc" />
80-->application/pope-player/AndroidManifest.xml:79:13-56
81        <meta-data
81-->application/pope-player/AndroidManifest.xml:80:9-82:63
82            android:name="androidx.car.app.TintableAttributionIcon"
82-->application/pope-player/AndroidManifest.xml:81:13-68
83            android:resource="@drawable/ic_auto_notif_audio" />
83-->application/pope-player/AndroidManifest.xml:82:13-61
84        <meta-data
84-->application/pope-player/AndroidManifest.xml:83:9-85:55
85            android:name="com.google.android.gms.car.notification.SmallIcon"
85-->application/pope-player/AndroidManifest.xml:84:13-77
86            android:resource="@mipmap/pope_launcher" />
86-->application/pope-player/AndroidManifest.xml:85:13-53
87        <meta-data
87-->application/pope-player/AndroidManifest.xml:86:9-88:34
88            android:name="android.max_aspect"
88-->application/pope-player/AndroidManifest.xml:87:13-46
89            android:value="3.0" />
89-->application/pope-player/AndroidManifest.xml:88:13-32
90        <meta-data
90-->application/pope-player/AndroidManifest.xml:89:9-91:36
91            android:name="android.allow_multiple_resumed_activities"
91-->application/pope-player/AndroidManifest.xml:90:13-69
92            android:value="true" />
92-->application/pope-player/AndroidManifest.xml:91:13-33
93
94        <activity
94-->application/pope-player/AndroidManifest.xml:94:9-961:20
95            android:name="com.dewords.pope.StartActivity"
95-->application/pope-player/AndroidManifest.xml:95:13-42
96            android:exported="true"
96-->application/pope-player/AndroidManifest.xml:97:17-40
97            android:theme="@style/Theme.VLC.Transparent.NoUI" >
97-->application/pope-player/AndroidManifest.xml:96:13-62
98            <intent-filter>
98-->application/pope-player/AndroidManifest.xml:98:13-103:29
99                <action android:name="android.intent.action.MAIN" />
99-->application/pope-player/AndroidManifest.xml:99:17-68
99-->application/pope-player/AndroidManifest.xml:99:25-66
100
101                <category android:name="android.intent.category.LAUNCHER" />
101-->application/pope-player/AndroidManifest.xml:101:17-76
101-->application/pope-player/AndroidManifest.xml:101:27-74
102                <category android:name="android.intent.category.LEANBACK_LAUNCHER" />
102-->application/pope-player/AndroidManifest.xml:102:17-85
102-->application/pope-player/AndroidManifest.xml:102:27-83
103            </intent-filter>
104
105            <meta-data
105-->application/pope-player/AndroidManifest.xml:105:13-107:52
106                android:name="android.app.shortcuts"
106-->application/pope-player/AndroidManifest.xml:106:17-53
107                android:resource="@xml/shortcuts" />
107-->application/pope-player/AndroidManifest.xml:107:17-50
108
109            <intent-filter>
109-->application/pope-player/AndroidManifest.xml:109:13-118:29
110                <action android:name="android.intent.action.VIEW" />
110-->application/pope-player/AndroidManifest.xml:110:17-68
110-->application/pope-player/AndroidManifest.xml:110:25-66
111
112                <category android:name="android.intent.category.BROWSABLE" />
112-->application/pope-player/AndroidManifest.xml:112:17-77
112-->application/pope-player/AndroidManifest.xml:112:27-75
113                <category android:name="android.intent.category.DEFAULT" />
113-->application/pope-player/AndroidManifest.xml:113:17-75
113-->application/pope-player/AndroidManifest.xml:113:27-73
114
115                <data
115-->application/pope-player/AndroidManifest.xml:115:17-117:51
116                    android:host="${applicationId}"
116-->application/pope-player/AndroidManifest.xml:116:21-52
117                    android:scheme="vlclauncher" />
117-->application/pope-player/AndroidManifest.xml:117:21-49
118            </intent-filter>
119
120            <!-- This filter captures protocols without type info -->
121            <intent-filter>
121-->application/pope-player/AndroidManifest.xml:121:13-138:29
122                <action android:name="android.intent.action.VIEW" />
122-->application/pope-player/AndroidManifest.xml:110:17-68
122-->application/pope-player/AndroidManifest.xml:110:25-66
123
124                <category android:name="android.intent.category.DEFAULT" />
124-->application/pope-player/AndroidManifest.xml:113:17-75
124-->application/pope-player/AndroidManifest.xml:113:27-73
125                <category android:name="android.intent.category.BROWSABLE" />
125-->application/pope-player/AndroidManifest.xml:112:17-77
125-->application/pope-player/AndroidManifest.xml:112:27-75
126
127                <data android:scheme="rtmp" />
127-->application/pope-player/AndroidManifest.xml:115:17-117:51
127-->application/pope-player/AndroidManifest.xml:117:21-49
128                <data android:scheme="rtmpe" />
128-->application/pope-player/AndroidManifest.xml:115:17-117:51
128-->application/pope-player/AndroidManifest.xml:117:21-49
129                <data android:scheme="rtmps" />
129-->application/pope-player/AndroidManifest.xml:115:17-117:51
129-->application/pope-player/AndroidManifest.xml:117:21-49
130                <data android:scheme="rtp" />
130-->application/pope-player/AndroidManifest.xml:115:17-117:51
130-->application/pope-player/AndroidManifest.xml:117:21-49
131                <data android:scheme="rtsp" />
131-->application/pope-player/AndroidManifest.xml:115:17-117:51
131-->application/pope-player/AndroidManifest.xml:117:21-49
132                <data android:scheme="mms" />
132-->application/pope-player/AndroidManifest.xml:115:17-117:51
132-->application/pope-player/AndroidManifest.xml:117:21-49
133                <data android:scheme="mmsh" />
133-->application/pope-player/AndroidManifest.xml:115:17-117:51
133-->application/pope-player/AndroidManifest.xml:117:21-49
134                <data android:scheme="icyx" />
134-->application/pope-player/AndroidManifest.xml:115:17-117:51
134-->application/pope-player/AndroidManifest.xml:117:21-49
135                <data android:scheme="httplive" />
135-->application/pope-player/AndroidManifest.xml:115:17-117:51
135-->application/pope-player/AndroidManifest.xml:117:21-49
136                <data android:scheme="udp" />
136-->application/pope-player/AndroidManifest.xml:115:17-117:51
136-->application/pope-player/AndroidManifest.xml:117:21-49
137                <data android:scheme="vlc" />
137-->application/pope-player/AndroidManifest.xml:115:17-117:51
137-->application/pope-player/AndroidManifest.xml:117:21-49
138            </intent-filter>
139            <!-- This filter captures protocols with type info -->
140            <intent-filter>
140-->application/pope-player/AndroidManifest.xml:140:13-159:29
141                <action android:name="android.intent.action.VIEW" />
141-->application/pope-player/AndroidManifest.xml:110:17-68
141-->application/pope-player/AndroidManifest.xml:110:25-66
142
143                <category android:name="android.intent.category.DEFAULT" />
143-->application/pope-player/AndroidManifest.xml:113:17-75
143-->application/pope-player/AndroidManifest.xml:113:27-73
144                <category android:name="android.intent.category.BROWSABLE" />
144-->application/pope-player/AndroidManifest.xml:112:17-77
144-->application/pope-player/AndroidManifest.xml:112:27-75
145
146                <data android:mimeType="video/*" />
146-->application/pope-player/AndroidManifest.xml:115:17-117:51
146-->application/pope-player/AndroidManifest.xml:146:23-49
147                <data android:mimeType="audio/*" />
147-->application/pope-player/AndroidManifest.xml:115:17-117:51
147-->application/pope-player/AndroidManifest.xml:146:23-49
148                <data android:scheme="rtmp" />
148-->application/pope-player/AndroidManifest.xml:115:17-117:51
148-->application/pope-player/AndroidManifest.xml:117:21-49
149                <data android:scheme="rtmpe" />
149-->application/pope-player/AndroidManifest.xml:115:17-117:51
149-->application/pope-player/AndroidManifest.xml:117:21-49
150                <data android:scheme="rtmps" />
150-->application/pope-player/AndroidManifest.xml:115:17-117:51
150-->application/pope-player/AndroidManifest.xml:117:21-49
151                <data android:scheme="rtp" />
151-->application/pope-player/AndroidManifest.xml:115:17-117:51
151-->application/pope-player/AndroidManifest.xml:117:21-49
152                <data android:scheme="rtsp" />
152-->application/pope-player/AndroidManifest.xml:115:17-117:51
152-->application/pope-player/AndroidManifest.xml:117:21-49
153                <data android:scheme="mms" />
153-->application/pope-player/AndroidManifest.xml:115:17-117:51
153-->application/pope-player/AndroidManifest.xml:117:21-49
154                <data android:scheme="mmsh" />
154-->application/pope-player/AndroidManifest.xml:115:17-117:51
154-->application/pope-player/AndroidManifest.xml:117:21-49
155                <data android:scheme="icyx" />
155-->application/pope-player/AndroidManifest.xml:115:17-117:51
155-->application/pope-player/AndroidManifest.xml:117:21-49
156                <data android:scheme="httplive" />
156-->application/pope-player/AndroidManifest.xml:115:17-117:51
156-->application/pope-player/AndroidManifest.xml:117:21-49
157                <data android:scheme="udp" />
157-->application/pope-player/AndroidManifest.xml:115:17-117:51
157-->application/pope-player/AndroidManifest.xml:117:21-49
158                <data android:scheme="vlc" />
158-->application/pope-player/AndroidManifest.xml:115:17-117:51
158-->application/pope-player/AndroidManifest.xml:117:21-49
159            </intent-filter>
160            <intent-filter>
160-->application/pope-player/AndroidManifest.xml:160:13-200:29
161                <action android:name="android.intent.action.VIEW" />
161-->application/pope-player/AndroidManifest.xml:110:17-68
161-->application/pope-player/AndroidManifest.xml:110:25-66
162
163                <category android:name="android.intent.category.DEFAULT" />
163-->application/pope-player/AndroidManifest.xml:113:17-75
163-->application/pope-player/AndroidManifest.xml:113:27-73
164                <category android:name="android.intent.category.BROWSABLE" />
164-->application/pope-player/AndroidManifest.xml:112:17-77
164-->application/pope-player/AndroidManifest.xml:112:27-75
165
166                <data android:scheme="" />
166-->application/pope-player/AndroidManifest.xml:115:17-117:51
166-->application/pope-player/AndroidManifest.xml:117:21-49
167                <data android:scheme="file" />
167-->application/pope-player/AndroidManifest.xml:115:17-117:51
167-->application/pope-player/AndroidManifest.xml:117:21-49
168                <data android:scheme="ftp" />
168-->application/pope-player/AndroidManifest.xml:115:17-117:51
168-->application/pope-player/AndroidManifest.xml:117:21-49
169                <data android:scheme="ftps" />
169-->application/pope-player/AndroidManifest.xml:115:17-117:51
169-->application/pope-player/AndroidManifest.xml:117:21-49
170                <data android:scheme="sftp" />
170-->application/pope-player/AndroidManifest.xml:115:17-117:51
170-->application/pope-player/AndroidManifest.xml:117:21-49
171                <data android:scheme="content" />
171-->application/pope-player/AndroidManifest.xml:115:17-117:51
171-->application/pope-player/AndroidManifest.xml:117:21-49
172                <data android:scheme="http" />
172-->application/pope-player/AndroidManifest.xml:115:17-117:51
172-->application/pope-player/AndroidManifest.xml:117:21-49
173                <data android:scheme="https" />
173-->application/pope-player/AndroidManifest.xml:115:17-117:51
173-->application/pope-player/AndroidManifest.xml:117:21-49
174                <data android:scheme="smb" />
174-->application/pope-player/AndroidManifest.xml:115:17-117:51
174-->application/pope-player/AndroidManifest.xml:117:21-49
175                <data android:mimeType="video/*" />
175-->application/pope-player/AndroidManifest.xml:115:17-117:51
175-->application/pope-player/AndroidManifest.xml:146:23-49
176                <data android:mimeType="audio/*" />
176-->application/pope-player/AndroidManifest.xml:115:17-117:51
176-->application/pope-player/AndroidManifest.xml:146:23-49
177                <data android:mimeType="*/rmvb" />
177-->application/pope-player/AndroidManifest.xml:115:17-117:51
177-->application/pope-player/AndroidManifest.xml:146:23-49
178                <data android:mimeType="*/avi" />
178-->application/pope-player/AndroidManifest.xml:115:17-117:51
178-->application/pope-player/AndroidManifest.xml:146:23-49
179                <data android:mimeType="*/mkv" />
179-->application/pope-player/AndroidManifest.xml:115:17-117:51
179-->application/pope-player/AndroidManifest.xml:146:23-49
180                <data android:mimeType="application/3gpp*" />
180-->application/pope-player/AndroidManifest.xml:115:17-117:51
180-->application/pope-player/AndroidManifest.xml:146:23-49
181                <data android:mimeType="application/mp4" />
181-->application/pope-player/AndroidManifest.xml:115:17-117:51
181-->application/pope-player/AndroidManifest.xml:146:23-49
182                <data android:mimeType="application/mpeg*" />
182-->application/pope-player/AndroidManifest.xml:115:17-117:51
182-->application/pope-player/AndroidManifest.xml:146:23-49
183                <data android:mimeType="application/ogg" />
183-->application/pope-player/AndroidManifest.xml:115:17-117:51
183-->application/pope-player/AndroidManifest.xml:146:23-49
184                <data android:mimeType="application/sdp" />
184-->application/pope-player/AndroidManifest.xml:115:17-117:51
184-->application/pope-player/AndroidManifest.xml:146:23-49
185                <data android:mimeType="application/vnd.3gp*" />
185-->application/pope-player/AndroidManifest.xml:115:17-117:51
185-->application/pope-player/AndroidManifest.xml:146:23-49
186                <data android:mimeType="application/vnd.apple.mpegurl" />
186-->application/pope-player/AndroidManifest.xml:115:17-117:51
186-->application/pope-player/AndroidManifest.xml:146:23-49
187                <data android:mimeType="application/vnd.dvd*" />
187-->application/pope-player/AndroidManifest.xml:115:17-117:51
187-->application/pope-player/AndroidManifest.xml:146:23-49
188                <data android:mimeType="application/vnd.dolby*" />
188-->application/pope-player/AndroidManifest.xml:115:17-117:51
188-->application/pope-player/AndroidManifest.xml:146:23-49
189                <data android:mimeType="application/vnd.rn-realmedia*" />
189-->application/pope-player/AndroidManifest.xml:115:17-117:51
189-->application/pope-player/AndroidManifest.xml:146:23-49
190                <data android:mimeType="application/x-iso9660-image" />
190-->application/pope-player/AndroidManifest.xml:115:17-117:51
190-->application/pope-player/AndroidManifest.xml:146:23-49
191                <data android:mimeType="application/x-extension-mp4" />
191-->application/pope-player/AndroidManifest.xml:115:17-117:51
191-->application/pope-player/AndroidManifest.xml:146:23-49
192                <data android:mimeType="application/x-flac" />
192-->application/pope-player/AndroidManifest.xml:115:17-117:51
192-->application/pope-player/AndroidManifest.xml:146:23-49
193                <data android:mimeType="application/x-matroska" />
193-->application/pope-player/AndroidManifest.xml:115:17-117:51
193-->application/pope-player/AndroidManifest.xml:146:23-49
194                <data android:mimeType="application/x-mpegURL" />
194-->application/pope-player/AndroidManifest.xml:115:17-117:51
194-->application/pope-player/AndroidManifest.xml:146:23-49
195                <data android:mimeType="application/x-ogg" />
195-->application/pope-player/AndroidManifest.xml:115:17-117:51
195-->application/pope-player/AndroidManifest.xml:146:23-49
196                <data android:mimeType="application/x-quicktimeplayer" />
196-->application/pope-player/AndroidManifest.xml:115:17-117:51
196-->application/pope-player/AndroidManifest.xml:146:23-49
197                <data android:mimeType="application/x-shockwave-flash" />
197-->application/pope-player/AndroidManifest.xml:115:17-117:51
197-->application/pope-player/AndroidManifest.xml:146:23-49
198                <data android:mimeType="application/xspf+xml" />
198-->application/pope-player/AndroidManifest.xml:115:17-117:51
198-->application/pope-player/AndroidManifest.xml:146:23-49
199                <data android:mimeType="misc/ultravox" />
199-->application/pope-player/AndroidManifest.xml:115:17-117:51
199-->application/pope-player/AndroidManifest.xml:146:23-49
200            </intent-filter>
201            <intent-filter>
201-->application/pope-player/AndroidManifest.xml:201:13-934:29
202                <action android:name="android.intent.action.VIEW" />
202-->application/pope-player/AndroidManifest.xml:110:17-68
202-->application/pope-player/AndroidManifest.xml:110:25-66
203
204                <category android:name="android.intent.category.DEFAULT" />
204-->application/pope-player/AndroidManifest.xml:113:17-75
204-->application/pope-player/AndroidManifest.xml:113:27-73
205                <category android:name="android.intent.category.BROWSABLE" />
205-->application/pope-player/AndroidManifest.xml:112:17-77
205-->application/pope-player/AndroidManifest.xml:112:27-75
206
207                <data android:scheme="" />
207-->application/pope-player/AndroidManifest.xml:115:17-117:51
207-->application/pope-player/AndroidManifest.xml:117:21-49
208                <data android:scheme="file" />
208-->application/pope-player/AndroidManifest.xml:115:17-117:51
208-->application/pope-player/AndroidManifest.xml:117:21-49
209                <data android:scheme="ftp" />
209-->application/pope-player/AndroidManifest.xml:115:17-117:51
209-->application/pope-player/AndroidManifest.xml:117:21-49
210                <data android:scheme="content" />
210-->application/pope-player/AndroidManifest.xml:115:17-117:51
210-->application/pope-player/AndroidManifest.xml:117:21-49
211                <data android:scheme="http" />
211-->application/pope-player/AndroidManifest.xml:115:17-117:51
211-->application/pope-player/AndroidManifest.xml:117:21-49
212                <data android:scheme="https" />
212-->application/pope-player/AndroidManifest.xml:115:17-117:51
212-->application/pope-player/AndroidManifest.xml:117:21-49
213                <data android:host="*" />
213-->application/pope-player/AndroidManifest.xml:115:17-117:51
213-->application/pope-player/AndroidManifest.xml:116:21-52
214
215                <!-- video -->
216
217                <data android:pathPattern=".*.3G2" />
217-->application/pope-player/AndroidManifest.xml:115:17-117:51
217-->application/pope-player/AndroidManifest.xml:217:23-51
218                <data android:pathPattern=".*.3g2" />
218-->application/pope-player/AndroidManifest.xml:115:17-117:51
218-->application/pope-player/AndroidManifest.xml:217:23-51
219                <data android:pathPattern=".*\\..*\\..*\\.3G2" />
219-->application/pope-player/AndroidManifest.xml:115:17-117:51
219-->application/pope-player/AndroidManifest.xml:217:23-51
220                <data android:pathPattern=".*\\..*\\..*\\.3g2" />
220-->application/pope-player/AndroidManifest.xml:115:17-117:51
220-->application/pope-player/AndroidManifest.xml:217:23-51
221                <data android:pathPattern=".*\\..*\\.3G2" />
221-->application/pope-player/AndroidManifest.xml:115:17-117:51
221-->application/pope-player/AndroidManifest.xml:217:23-51
222                <data android:pathPattern=".*\\..*\\.3g2" />
222-->application/pope-player/AndroidManifest.xml:115:17-117:51
222-->application/pope-player/AndroidManifest.xml:217:23-51
223                <data android:pathPattern=".*.3GP" />
223-->application/pope-player/AndroidManifest.xml:115:17-117:51
223-->application/pope-player/AndroidManifest.xml:217:23-51
224                <data android:pathPattern=".*.3gp" />
224-->application/pope-player/AndroidManifest.xml:115:17-117:51
224-->application/pope-player/AndroidManifest.xml:217:23-51
225                <data android:pathPattern=".*\\..*\\..*\\.3GP" />
225-->application/pope-player/AndroidManifest.xml:115:17-117:51
225-->application/pope-player/AndroidManifest.xml:217:23-51
226                <data android:pathPattern=".*\\..*\\..*\\.3gp" />
226-->application/pope-player/AndroidManifest.xml:115:17-117:51
226-->application/pope-player/AndroidManifest.xml:217:23-51
227                <data android:pathPattern=".*\\..*\\.3GP" />
227-->application/pope-player/AndroidManifest.xml:115:17-117:51
227-->application/pope-player/AndroidManifest.xml:217:23-51
228                <data android:pathPattern=".*\\..*\\.3gp" />
228-->application/pope-player/AndroidManifest.xml:115:17-117:51
228-->application/pope-player/AndroidManifest.xml:217:23-51
229                <data android:pathPattern=".*.3GP2" />
229-->application/pope-player/AndroidManifest.xml:115:17-117:51
229-->application/pope-player/AndroidManifest.xml:217:23-51
230                <data android:pathPattern=".*.3gp2" />
230-->application/pope-player/AndroidManifest.xml:115:17-117:51
230-->application/pope-player/AndroidManifest.xml:217:23-51
231                <data android:pathPattern=".*\\..*\\..*\\.3GP2" />
231-->application/pope-player/AndroidManifest.xml:115:17-117:51
231-->application/pope-player/AndroidManifest.xml:217:23-51
232                <data android:pathPattern=".*\\..*\\..*\\.3gp2" />
232-->application/pope-player/AndroidManifest.xml:115:17-117:51
232-->application/pope-player/AndroidManifest.xml:217:23-51
233                <data android:pathPattern=".*\\..*\\.3GP2" />
233-->application/pope-player/AndroidManifest.xml:115:17-117:51
233-->application/pope-player/AndroidManifest.xml:217:23-51
234                <data android:pathPattern=".*\\..*\\.3gp2" />